  KP-anim-modele.cpp
d:\work\facial_animation\src\kp-anim-modele.cpp(89): warning C4838: преобразование из "double" в "float" требует сужающего преобразования
d:\work\facial_animation\src\kp-anim-modele.cpp(89): warning C4305: инициализация: усечение из "double" к "float"
d:\work\facial_animation\src\kp-anim-modele.cpp(121): warning C4838: преобразование из "double" в "float" требует сужающего преобразования
d:\work\facial_animation\src\kp-anim-modele.cpp(121): warning C4305: инициализация: усечение из "double" к "float"
d:\work\facial_animation\src\kp-anim-modele.cpp(153): warning C4838: преобразование из "double" в "float" требует сужающего преобразования
d:\work\facial_animation\src\kp-anim-modele.cpp(153): warning C4305: инициализация: усечение из "double" к "float"
d:\work\facial_animation\src\kp-anim-modele.cpp(161): warning C4838: преобразование из "double" в "GLfloat" требует сужающего преобразования
d:\work\facial_animation\src\kp-anim-modele.cpp(161): warning C4305: инициализация: усечение из "double" к "GLfloat"
d:\work\facial_animation\src\kp-anim-modele.cpp(162): warning C4838: преобразование из "double" в "GLfloat" требует сужающего преобразования
d:\work\facial_animation\src\kp-anim-modele.cpp(162): warning C4305: инициализация: усечение из "double" к "GLfloat"
d:\work\facial_animation\src\kp-anim-modele.cpp(163): warning C4838: преобразование из "double" в "GLfloat" требует сужающего преобразования
d:\work\facial_animation\src\kp-anim-modele.cpp(163): warning C4305: инициализация: усечение из "double" к "GLfloat"
d:\work\facial_animation\src\kp-anim-modele.cpp(165): warning C4838: преобразование из "double" в "GLfloat" требует сужающего преобразования
d:\work\facial_animation\src\kp-anim-modele.cpp(165): warning C4305: инициализация: усечение из "double" к "GLfloat"
d:\work\facial_animation\src\kp-anim-modele.cpp(167): warning C4838: преобразование из "double" в "GLfloat" требует сужающего преобразования
d:\work\facial_animation\src\kp-anim-modele.cpp(167): warning C4305: инициализация: усечение из "double" к "GLfloat"
d:\work\facial_animation\src\kp-anim-modele.cpp(169): warning C4838: преобразование из "double" в "GLfloat" требует сужающего преобразования
d:\work\facial_animation\src\kp-anim-modele.cpp(169): warning C4305: инициализация: усечение из "double" к "GLfloat"
d:\work\facial_animation\src\kp-anim-modele.cpp(171): warning C4838: преобразование из "double" в "GLfloat" требует сужающего преобразования
d:\work\facial_animation\src\kp-anim-modele.cpp(171): warning C4305: инициализация: усечение из "double" к "GLfloat"
d:\work\facial_animation\src\kp-anim-modele.cpp(181): warning C4838: преобразование из "double" в "float" требует сужающего преобразования
d:\work\facial_animation\src\kp-anim-modele.cpp(181): warning C4305: инициализация: усечение из "double" к "float"
d:\work\facial_animation\src\kp-anim-modele.cpp(182): warning C4838: преобразование из "double" в "float" требует сужающего преобразования
d:\work\facial_animation\src\kp-anim-modele.cpp(182): warning C4305: инициализация: усечение из "double" к "float"
d:\work\facial_animation\src\kp-anim-modele.cpp(183): warning C4838: преобразование из "double" в "float" требует сужающего преобразования
d:\work\facial_animation\src\kp-anim-modele.cpp(183): warning C4305: инициализация: усечение из "double" к "float"
d:\work\facial_animation\src\kp-anim-modele.cpp(185): warning C4305: инициализация: усечение из "double" к "float"
d:\work\facial_animation\src\kp-anim-modele.cpp(193): warning C4305: инициализация: усечение из "double" к "float"
d:\work\facial_animation\src\kp-anim-modele.cpp(206): warning C4305: инициализация: усечение из "double" к "float"
d:\work\facial_animation\src\kp-anim-modele.cpp(274): warning C4244: инициализация: преобразование "double" в "float", возможна потеря данных
d:\work\facial_animation\src\kp-anim-modele.cpp(294): warning C4244: инициализация: преобразование "double" в "float", возможна потеря данных
d:\work\facial_animation\src\kp-anim-modele.cpp(300): warning C4244: *=: преобразование "double" в "float", возможна потеря данных
d:\work\facial_animation\src\kp-anim-modele.cpp(301): warning C4244: *=: преобразование "double" в "float", возможна потеря данных
d:\work\facial_animation\src\kp-anim-modele.cpp(302): warning C4244: *=: преобразование "double" в "float", возможна потеря данных
d:\work\facial_animation\src\kp-anim-modele.cpp(330): warning C4244: *=: преобразование "double" в "float", возможна потеря данных
d:\work\facial_animation\src\kp-anim-modele.cpp(331): warning C4244: *=: преобразование "double" в "float", возможна потеря данных
d:\work\facial_animation\src\kp-anim-modele.cpp(332): warning C4244: *=: преобразование "double" в "float", возможна потеря данных
d:\work\facial_animation\src\kp-anim-modele.cpp(340): warning C4244: =: преобразование "double" в "float", возможна потеря данных
d:\work\facial_animation\src\kp-anim-modele.cpp(341): warning C4244: =: преобразование "double" в "float", возможна потеря данных
d:\work\facial_animation\src\kp-anim-modele.cpp(342): warning C4244: =: преобразование "double" в "float", возможна потеря данных
d:\work\facial_animation\src\kp-anim-modele.cpp(495): warning C4996: 'strcpy': This function or variable may be unsafe. Consider using strcpy_s instead. To disable deprecation, use _CRT_SECURE_NO_WARNINGS. See online help for details.
  c:\program files (x86)\windows kits\10\include\10.0.10240.0\ucrt\string.h(119): note:  см. объявление "strcpy"
d:\work\facial_animation\src\kp-anim-modele.cpp(502): warning C4996: 'strcpy': This function or variable may be unsafe. Consider using strcpy_s instead. To disable deprecation, use _CRT_SECURE_NO_WARNINGS. See online help for details.
  c:\program files (x86)\windows kits\10\include\10.0.10240.0\ucrt\string.h(119): note:  см. объявление "strcpy"
d:\work\facial_animation\src\kp-anim-modele.cpp(508): warning C4996: 'strcpy': This function or variable may be unsafe. Consider using strcpy_s instead. To disable deprecation, use _CRT_SECURE_NO_WARNINGS. See online help for details.
  c:\program files (x86)\windows kits\10\include\10.0.10240.0\ucrt\string.h(119): note:  см. объявление "strcpy"
d:\work\facial_animation\src\kp-anim-modele.cpp(510): warning C4996: 'strcat': This function or variable may be unsafe. Consider using strcat_s instead. To disable deprecation, use _CRT_SECURE_NO_WARNINGS. See online help for details.
  c:\program files (x86)\windows kits\10\include\10.0.10240.0\ucrt\string.h(90): note:  см. объявление "strcat"
d:\work\facial_animation\src\kp-anim-modele.cpp(570): warning C4996: 'sscanf': This function or variable may be unsafe. Consider using sscanf_s instead. To disable deprecation, use _CRT_SECURE_NO_WARNINGS. See online help for details.
  c:\program files (x86)\windows kits\10\include\10.0.10240.0\ucrt\stdio.h(2254): note:  см. объявление "sscanf"
d:\work\facial_animation\src\kp-anim-modele.cpp(577): warning C4996: 'sscanf': This function or variable may be unsafe. Consider using sscanf_s instead. To disable deprecation, use _CRT_SECURE_NO_WARNINGS. See online help for details.
  c:\program files (x86)\windows kits\10\include\10.0.10240.0\ucrt\stdio.h(2254): note:  см. объявление "sscanf"
d:\work\facial_animation\src\kp-anim-modele.cpp(586): warning C4996: 'sscanf': This function or variable may be unsafe. Consider using sscanf_s instead. To disable deprecation, use _CRT_SECURE_NO_WARNINGS. See online help for details.
  c:\program files (x86)\windows kits\10\include\10.0.10240.0\ucrt\stdio.h(2254): note:  см. объявление "sscanf"
d:\work\facial_animation\src\kp-anim-modele.cpp(593): warning C4996: 'sscanf': This function or variable may be unsafe. Consider using sscanf_s instead. To disable deprecation, use _CRT_SECURE_NO_WARNINGS. See online help for details.
  c:\program files (x86)\windows kits\10\include\10.0.10240.0\ucrt\stdio.h(2254): note:  см. объявление "sscanf"
d:\work\facial_animation\src\kp-anim-modele.cpp(601): warning C4996: 'sscanf': This function or variable may be unsafe. Consider using sscanf_s instead. To disable deprecation, use _CRT_SECURE_NO_WARNINGS. See online help for details.
  c:\program files (x86)\windows kits\10\include\10.0.10240.0\ucrt\stdio.h(2254): note:  см. объявление "sscanf"
d:\work\facial_animation\src\kp-anim-modele.cpp(612): warning C4996: 'sscanf': This function or variable may be unsafe. Consider using sscanf_s instead. To disable deprecation, use _CRT_SECURE_NO_WARNINGS. See online help for details.
  c:\program files (x86)\windows kits\10\include\10.0.10240.0\ucrt\stdio.h(2254): note:  см. объявление "sscanf"
d:\work\facial_animation\src\kp-anim-modele.cpp(617): warning C4996: 'sscanf': This function or variable may be unsafe. Consider using sscanf_s instead. To disable deprecation, use _CRT_SECURE_NO_WARNINGS. See online help for details.
  c:\program files (x86)\windows kits\10\include\10.0.10240.0\ucrt\stdio.h(2254): note:  см. объявление "sscanf"
d:\work\facial_animation\src\kp-anim-modele.cpp(627): warning C4996: 'sscanf': This function or variable may be unsafe. Consider using sscanf_s instead. To disable deprecation, use _CRT_SECURE_NO_WARNINGS. See online help for details.
  c:\program files (x86)\windows kits\10\include\10.0.10240.0\ucrt\stdio.h(2254): note:  см. объявление "sscanf"
d:\work\facial_animation\src\kp-anim-modele.cpp(632): warning C4996: 'sscanf': This function or variable may be unsafe. Consider using sscanf_s instead. To disable deprecation, use _CRT_SECURE_NO_WARNINGS. See online help for details.
  c:\program files (x86)\windows kits\10\include\10.0.10240.0\ucrt\stdio.h(2254): note:  см. объявление "sscanf"
d:\work\facial_animation\src\kp-anim-modele.cpp(637): warning C4996: 'sscanf': This function or variable may be unsafe. Consider using sscanf_s instead. To disable deprecation, use _CRT_SECURE_NO_WARNINGS. See online help for details.
  c:\program files (x86)\windows kits\10\include\10.0.10240.0\ucrt\stdio.h(2254): note:  см. объявление "sscanf"
d:\work\facial_animation\src\kp-anim-modele.cpp(655): warning C4996: 'sscanf': This function or variable may be unsafe. Consider using sscanf_s instead. To disable deprecation, use _CRT_SECURE_NO_WARNINGS. See online help for details.
  c:\program files (x86)\windows kits\10\include\10.0.10240.0\ucrt\stdio.h(2254): note:  см. объявление "sscanf"
d:\work\facial_animation\src\kp-anim-modele.cpp(661): warning C4996: 'sscanf': This function or variable may be unsafe. Consider using sscanf_s instead. To disable deprecation, use _CRT_SECURE_NO_WARNINGS. See online help for details.
  c:\program files (x86)\windows kits\10\include\10.0.10240.0\ucrt\stdio.h(2254): note:  см. объявление "sscanf"
d:\work\facial_animation\src\kp-anim-modele.cpp(665): warning C4996: 'sscanf': This function or variable may be unsafe. Consider using sscanf_s instead. To disable deprecation, use _CRT_SECURE_NO_WARNINGS. See online help for details.
  c:\program files (x86)\windows kits\10\include\10.0.10240.0\ucrt\stdio.h(2254): note:  см. объявление "sscanf"
d:\work\facial_animation\src\kp-anim-modele.cpp(707): warning C4996: 'sscanf': This function or variable may be unsafe. Consider using sscanf_s instead. To disable deprecation, use _CRT_SECURE_NO_WARNINGS. See online help for details.
  c:\program files (x86)\windows kits\10\include\10.0.10240.0\ucrt\stdio.h(2254): note:  см. объявление "sscanf"
d:\work\facial_animation\src\kp-anim-modele.cpp(560): warning C4101: ch: неиспользованная локальная переменная
d:\work\facial_animation\src\kp-anim-modele.cpp(742): warning C4996: 'sscanf': This function or variable may be unsafe. Consider using sscanf_s instead. To disable deprecation, use _CRT_SECURE_NO_WARNINGS. See online help for details.
  c:\program files (x86)\windows kits\10\include\10.0.10240.0\ucrt\stdio.h(2254): note:  см. объявление "sscanf"
d:\work\facial_animation\src\kp-anim-modele.cpp(747): warning C4996: 'sscanf': This function or variable may be unsafe. Consider using sscanf_s instead. To disable deprecation, use _CRT_SECURE_NO_WARNINGS. See online help for details.
  c:\program files (x86)\windows kits\10\include\10.0.10240.0\ucrt\stdio.h(2254): note:  см. объявление "sscanf"
d:\work\facial_animation\src\kp-anim-modele.cpp(764): warning C4996: 'sscanf': This function or variable may be unsafe. Consider using sscanf_s instead. To disable deprecation, use _CRT_SECURE_NO_WARNINGS. See online help for details.
  c:\program files (x86)\windows kits\10\include\10.0.10240.0\ucrt\stdio.h(2254): note:  см. объявление "sscanf"
d:\work\facial_animation\src\kp-anim-modele.cpp(774): warning C4996: 'sscanf': This function or variable may be unsafe. Consider using sscanf_s instead. To disable deprecation, use _CRT_SECURE_NO_WARNINGS. See online help for details.
  c:\program files (x86)\windows kits\10\include\10.0.10240.0\ucrt\stdio.h(2254): note:  см. объявление "sscanf"
d:\work\facial_animation\src\kp-anim-modele.cpp(781): warning C4996: 'sscanf': This function or variable may be unsafe. Consider using sscanf_s instead. To disable deprecation, use _CRT_SECURE_NO_WARNINGS. See online help for details.
  c:\program files (x86)\windows kits\10\include\10.0.10240.0\ucrt\stdio.h(2254): note:  см. объявление "sscanf"
d:\work\facial_animation\src\kp-anim-modele.cpp(802): warning C4996: 'sscanf': This function or variable may be unsafe. Consider using sscanf_s instead. To disable deprecation, use _CRT_SECURE_NO_WARNINGS. See online help for details.
  c:\program files (x86)\windows kits\10\include\10.0.10240.0\ucrt\stdio.h(2254): note:  см. объявление "sscanf"
d:\work\facial_animation\src\kp-anim-modele.cpp(728): warning C4101: ignore3: неиспользованная локальная переменная
d:\work\facial_animation\src\kp-anim-modele.cpp(726): warning C4101: ignore1: неиспользованная локальная переменная
d:\work\facial_animation\src\kp-anim-modele.cpp(725): warning C4101: ignore: неиспользованная локальная переменная
d:\work\facial_animation\src\kp-anim-modele.cpp(732): warning C4101: ch: неиспользованная локальная переменная
d:\work\facial_animation\src\kp-anim-modele.cpp(727): warning C4101: ignore2: неиспользованная локальная переменная
d:\work\facial_animation\src\kp-anim-modele.cpp(874): warning C4244: return: преобразование "double" в "float", возможна потеря данных
d:\work\facial_animation\src\kp-anim-modele.cpp(1003): warning C4101: indKP: неиспользованная локальная переменная
d:\work\facial_animation\src\kp-anim-modele.cpp(1083): warning C4305: аргумент: усечение из "double" к "GLfloat"
d:\work\facial_animation\src\kp-anim-modele.cpp(1172): warning C4996: 'fopen': This function or variable may be unsafe. Consider using fopen_s instead. To disable deprecation, use _CRT_SECURE_NO_WARNINGS. See online help for details.
  c:\program files (x86)\windows kits\10\include\10.0.10240.0\ucrt\stdio.h(205): note:  см. объявление "fopen"
d:\work\facial_animation\src\kp-anim-modele.cpp(1181): warning C4996: 'fopen': This function or variable may be unsafe. Consider using fopen_s instead. To disable deprecation, use _CRT_SECURE_NO_WARNINGS. See online help for details.
  c:\program files (x86)\windows kits\10\include\10.0.10240.0\ucrt\stdio.h(205): note:  см. объявление "fopen"
d:\work\facial_animation\src\kp-anim-modele.cpp(1241): warning C4305: /=: усечение из "double" к "float"
d:\work\facial_animation\src\kp-anim-modele.cpp(1245): warning C4305: *=: усечение из "double" к "float"
d:\work\facial_animation\src\kp-anim-modele.cpp(1357): warning C4305: /=: усечение из "double" к "float"
d:\work\facial_animation\src\kp-anim-modele.cpp(1361): warning C4305: *=: усечение из "double" к "float"
d:\work\facial_animation\src\kp-anim-modele.cpp(1410): warning C4305: +=: усечение из "double" к "float"
d:\work\facial_animation\src\kp-anim-modele.cpp(1423): warning C4305: -=: усечение из "double" к "float"
d:\work\facial_animation\src\kp-anim-modele.cpp(1433): warning C4305: +=: усечение из "double" к "float"
d:\work\facial_animation\src\kp-anim-modele.cpp(1443): warning C4305: -=: усечение из "double" к "float"
d:\work\facial_animation\src\kp-anim-modele.cpp(1467): warning C4305: +=: усечение из "double" к "float"
d:\work\facial_animation\src\kp-anim-modele.cpp(1477): warning C4305: -=: усечение из "double" к "float"
d:\work\facial_animation\src\kp-anim-modele.cpp(1496): warning C4305: +=: усечение из "double" к "float"
d:\work\facial_animation\src\kp-anim-modele.cpp(1509): warning C4305: -=: усечение из "double" к "float"
d:\work\facial_animation\src\kp-anim-modele.cpp(1519): warning C4305: +=: усечение из "double" к "float"
d:\work\facial_animation\src\kp-anim-modele.cpp(1529): warning C4305: -=: усечение из "double" к "float"
d:\work\facial_animation\src\kp-anim-modele.cpp(1553): warning C4305: +=: усечение из "double" к "float"
d:\work\facial_animation\src\kp-anim-modele.cpp(1563): warning C4305: -=: усечение из "double" к "float"
d:\work\facial_animation\src\kp-anim-modele.cpp(1633): warning C4996: 'strcpy': This function or variable may be unsafe. Consider using strcpy_s instead. To disable deprecation, use _CRT_SECURE_NO_WARNINGS. See online help for details.
  c:\program files (x86)\windows kits\10\include\10.0.10240.0\ucrt\string.h(119): note:  см. объявление "strcpy"
d:\work\facial_animation\src\kp-anim-modele.cpp(1639): warning C4996: 'strcpy': This function or variable may be unsafe. Consider using strcpy_s instead. To disable deprecation, use _CRT_SECURE_NO_WARNINGS. See online help for details.
  c:\program files (x86)\windows kits\10\include\10.0.10240.0\ucrt\string.h(119): note:  см. объявление "strcpy"
d:\work\facial_animation\src\kp-anim-modele.cpp(1733): warning C4244: =: преобразование "double" в "float", возможна потеря данных
  vs.vcxproj -> D:\Work\facial_animation\vs\vs\Debug\vs.exe
  vs.vcxproj -> D:\Work\facial_animation\vs\vs\Debug\vs.pdb (Full PDB)
